<?xml version="1.0" encoding="UTF-8"?>
<!-- Generated by org.testng.reporters.JUnitReportReporter -->
<testsuite skipped="0" hostname="DESKTOP-FQHLV6B" name="com.RMGYantra.assignment.CreateGetAndValitadeProjectTest" tests="1" failures="0" timestamp="2022-09-29T13:26:42 IST" time="6.255" errors="0">
  <testcase name="createGetAndValidateProjectTest" time="6.255" classname="com.RMGYantra.assignment.CreateGetAndValitadeProjectTest"/>
  <system-out/>
</testsuite> <!-- com.RMGYantra.assignment.CreateGetAndValitadeProjectTest -->
