<?xml version="1.0" encoding="UTF-8"?>
<!-- Generated by org.testng.reporters.JUnitReportReporter -->
<testsuite skipped="0" hostname="DESKTOP-FQHLV6B" name="com.RMGYantra.assignment.CreateGetAndValitadeProjectTest" tests="1" failures="0" timestamp="28 Sep 2022 06:25:47 GMT" time="12.700" errors="0">
  <testcase name="createGetAndValidateProjectTest" time="12.700" classname="com.RMGYantra.assignment.CreateGetAndValitadeProjectTest"/>
</testsuite> <!-- com.RMGYantra.assignment.CreateGetAndValitadeProjectTest -->
